Build started 17-02-2011 14:39:49.
     1>Project "E:\My Docs\Visual Studio 2010\Projects\Trabalho_IPC\MontraVirutal.vcxproj" on node 2 (build target(s)).
     1>InitializeBuildStatus:
         Touching "Debug\MontraVirutal.unsuccessfulbuild".
       ClCompile:
         All outputs are up-to-date.
         C:\Program Files\Microsoft Visual Studio 10.0\VC\bin\CL.exe /c /ZI /nologo /W3 /WX- /Od /Oy- /D WIN32 /D _WINDOWS /D _DEBUG /D _MBCS /D _AFXDLL /Gm /EHsc /RTC1 /MDd /GS /fp:precise /Zc:wchar_t /Zc:forScope /Yu"StdAfx.h" /Fp"Debug\MontraVirutal.pch" /Fo"Debug\\" /Fd"Debug\vc100.pdb" /Gd /TP /analyze- /errorReport:prompt MontraVirutalDlg.cpp
         MontraVirutalDlg.cpp
       ResourceCompile:
         All outputs are up-to-date.
       ManifestResourceCompile:
         All outputs are up-to-date.
       Link:
         C:\Program Files\Microsoft Visual Studio 10.0\VC\bin\link.exe /ERRORREPORT:PROMPT /OUT:"E:\My Docs\Visual Studio 2010\Projects\Trabalho_IPC\Debug\MontraVirutal.exe" /INCREMENTAL /NOLOGO /MANIFEST /ManifestFile:"Debug\MontraVirutal.exe.intermediate.manifest" /MANIFESTUAC:"level='asInvoker' uiAccess='false'" /DEBUG /PDB:"E:\My Docs\Visual Studio 2010\Projects\Trabalho_IPC\Debug\MontraVirutal.pdb" /SUBSYSTEM:WINDOWS /TLBID:1 /DYNAMICBASE /NXCOMPAT /IMPLIB:"E:\My Docs\Visual Studio 2010\Projects\Trabalho_IPC\Debug\MontraVirutal.lib" /MACHINE:X86 Debug\MontraVirutal.res
         Debug\MontraVirutal.exe.embed.manifest.res
         Debug\MontraVirtualDlg2.obj
         Debug\MontraVirutal.obj
         Debug\MontraVirutalDlg.obj
         Debug\PictureEx.obj
         Debug\stdafx.obj
       Manifest:
         C:\Program Files\Microsoft SDKs\Windows\v7.0A\bin\mt.exe /nologo /verbose /out:"Debug\MontraVirutal.exe.embed.manifest" /manifest Debug\MontraVirutal.exe.intermediate.manifest "C:\Program Files\Microsoft Visual Studio 10.0\VC\Include\Manifest\dpiaware.manifest"
         All outputs are up-to-date.
       LinkEmbedManifest:
         All outputs are up-to-date.
         MontraVirutal.vcxproj -> E:\My Docs\Visual Studio 2010\Projects\Trabalho_IPC\Debug\MontraVirutal.exe
       FinalizeBuildStatus:
         Deleting file "Debug\MontraVirutal.unsuccessfulbuild".
         Touching "Debug\MontraVirutal.lastbuildstate".
     1>Done Building Project "E:\My Docs\Visual Studio 2010\Projects\Trabalho_IPC\MontraVirutal.vcxproj" (build target(s)).

Build succeeded.

Time Elapsed 00:00:01.20
