Build started 14-02-2011 07:06:18.
     1>Project "D:\Utilizadores\Bruno\Dcoumentos\Escola\Ano 2\1 Semestre\IPC\Trabalho Grupo 2\ipc\MontraVirutal\MontraVirutal.vcxproj" on node 2 (build target(s)).
     1>InitializeBuildStatus:
         Creating "Debug\MontraVirutal.unsuccessfulbuild" because "AlwaysCreate" was specified.
       ClCompile:
         All outputs are up-to-date.
         All outputs are up-to-date.
       ResourceCompile:
         All outputs are up-to-date.
       ManifestResourceCompile:
         All outputs are up-to-date.
       Link:
         All outputs are up-to-date.
       Manifest:
         C:\Program Files\Microsoft SDKs\Windows\v7.0A\bin\mt.exe /nologo /verbose /out:"Debug\MontraVirutal.exe.embed.manifest" /manifest Debug\MontraVirutal.exe.intermediate.manifest "C:\Program Files\Microsoft Visual Studio 10.0\VC\Include\Manifest\dpiaware.manifest"
         All outputs are up-to-date.
       FinalizeBuildStatus:
         Deleting file "Debug\MontraVirutal.unsuccessfulbuild".
         Touching "Debug\MontraVirutal.lastbuildstate".
     1>Done Building Project "D:\Utilizadores\Bruno\Dcoumentos\Escola\Ano 2\1 Semestre\IPC\Trabalho Grupo 2\ipc\MontraVirutal\MontraVirutal.vcxproj" (build target(s)).

Build succeeded.

Time Elapsed 00:00:00.36
