D:\UTILIZADORES\BRUNO\DCOUMENTOS\ESCOLA\ANO 2\1 SEMESTRE\IPC\TRABALHO GRUPO 2\IPCMONTRAVIRTUAL\DEBUG\MONTRAVIRUTAL.EXE
D:\UTILIZADORES\BRUNO\DCOUMENTOS\ESCOLA\ANO 2\1 SEMESTRE\IPC\TRABALHO GRUPO 2\IPCMONTRAVIRTUAL\DEBUG\MONTRAVIRUTAL.ILK
D:\UTILIZADORES\BRUNO\DCOUMENTOS\ESCOLA\ANO 2\1 SEMESTRE\IPC\TRABALHO GRUPO 2\IPCMONTRAVIRTUAL\DEBUG\MONTRAVIRUTAL.PDB
D:\Utilizadores\Bruno\Dcoumentos\Escola\Ano 2\1 Semestre\IPC\Trabalho Grupo 2\ipcmontravirtual\MontraVirutal\Debug\cl.command.1.tlog
D:\Utilizadores\Bruno\Dcoumentos\Escola\Ano 2\1 Semestre\IPC\Trabalho Grupo 2\ipcmontravirtual\MontraVirutal\Debug\CL.read.1.tlog
D:\Utilizadores\Bruno\Dcoumentos\Escola\Ano 2\1 Semestre\IPC\Trabalho Grupo 2\ipcmontravirtual\MontraVirutal\Debug\CL.write.1.tlog
D:\Utilizadores\Bruno\Dcoumentos\Escola\Ano 2\1 Semestre\IPC\Trabalho Grupo 2\ipcmontravirtual\MontraVirutal\Debug\link.command.1.tlog
D:\Utilizadores\Bruno\Dcoumentos\Escola\Ano 2\1 Semestre\IPC\Trabalho Grupo 2\ipcmontravirtual\MontraVirutal\Debug\link.read.1.tlog
D:\Utilizadores\Bruno\Dcoumentos\Escola\Ano 2\1 Semestre\IPC\Trabalho Grupo 2\ipcmontravirtual\MontraVirutal\Debug\link.write.1.tlog
D:\Utilizadores\Bruno\Dcoumentos\Escola\Ano 2\1 Semestre\IPC\Trabalho Grupo 2\ipcmontravirtual\MontraVirutal\Debug\link-cvtres.read.1.tlog
D:\Utilizadores\Bruno\Dcoumentos\Escola\Ano 2\1 Semestre\IPC\Trabalho Grupo 2\ipcmontravirtual\MontraVirutal\Debug\link-cvtres.write.1.tlog
D:\UTILIZADORES\BRUNO\DCOUMENTOS\ESCOLA\ANO 2\1 SEMESTRE\IPC\TRABALHO GRUPO 2\IPCMONTRAVIRTUAL\MONTRAVIRUTAL\DEBUG\MONTRAVIRUTAL.EXE.EMBED.MANIFEST
D:\UTILIZADORES\BRUNO\DCOUMENTOS\ESCOLA\ANO 2\1 SEMESTRE\IPC\TRABALHO GRUPO 2\IPCMONTRAVIRTUAL\MONTRAVIRUTAL\DEBUG\MONTRAVIRUTAL.EXE.EMBED.MANIFEST.RES
D:\UTILIZADORES\BRUNO\DCOUMENTOS\ESCOLA\ANO 2\1 SEMESTRE\IPC\TRABALHO GRUPO 2\IPCMONTRAVIRTUAL\MONTRAVIRUTAL\DEBUG\MONTRAVIRUTAL.EXE.INTERMEDIATE.MANIFEST
D:\UTILIZADORES\BRUNO\DCOUMENTOS\ESCOLA\ANO 2\1 SEMESTRE\IPC\TRABALHO GRUPO 2\IPCMONTRAVIRTUAL\MONTRAVIRUTAL\DEBUG\MONTRAVIRUTAL.OBJ
D:\UTILIZADORES\BRUNO\DCOUMENTOS\ESCOLA\ANO 2\1 SEMESTRE\IPC\TRABALHO GRUPO 2\IPCMONTRAVIRTUAL\MONTRAVIRUTAL\DEBUG\MONTRAVIRUTAL.PCH
D:\UTILIZADORES\BRUNO\DCOUMENTOS\ESCOLA\ANO 2\1 SEMESTRE\IPC\TRABALHO GRUPO 2\IPCMONTRAVIRTUAL\MONTRAVIRUTAL\DEBUG\MONTRAVIRUTAL.RES
D:\Utilizadores\Bruno\Dcoumentos\Escola\Ano 2\1 Semestre\IPC\Trabalho Grupo 2\ipcmontravirtual\MontraVirutal\Debug\MontraVirutal_manifest.rc
D:\UTILIZADORES\BRUNO\DCOUMENTOS\ESCOLA\ANO 2\1 SEMESTRE\IPC\TRABALHO GRUPO 2\IPCMONTRAVIRTUAL\MONTRAVIRUTAL\DEBUG\MONTRAVIRUTALDLG.OBJ
D:\Utilizadores\Bruno\Dcoumentos\Escola\Ano 2\1 Semestre\IPC\Trabalho Grupo 2\ipcmontravirtual\MontraVirutal\Debug\mt.command.1.tlog
D:\Utilizadores\Bruno\Dcoumentos\Escola\Ano 2\1 Semestre\IPC\Trabalho Grupo 2\ipcmontravirtual\MontraVirutal\Debug\mt.read.1.tlog
D:\Utilizadores\Bruno\Dcoumentos\Escola\Ano 2\1 Semestre\IPC\Trabalho Grupo 2\ipcmontravirtual\MontraVirutal\Debug\mt.write.1.tlog
D:\UTILIZADORES\BRUNO\DCOUMENTOS\ESCOLA\ANO 2\1 SEMESTRE\IPC\TRABALHO GRUPO 2\IPCMONTRAVIRTUAL\MONTRAVIRUTAL\DEBUG\PICTUREEX.OBJ
D:\Utilizadores\Bruno\Dcoumentos\Escola\Ano 2\1 Semestre\IPC\Trabalho Grupo 2\ipcmontravirtual\MontraVirutal\Debug\rc.command.1.tlog
D:\Utilizadores\Bruno\Dcoumentos\Escola\Ano 2\1 Semestre\IPC\Trabalho Grupo 2\ipcmontravirtual\MontraVirutal\Debug\rc.read.1.tlog
D:\Utilizadores\Bruno\Dcoumentos\Escola\Ano 2\1 Semestre\IPC\Trabalho Grupo 2\ipcmontravirtual\MontraVirutal\Debug\rc.write.1.tlog
D:\UTILIZADORES\BRUNO\DCOUMENTOS\ESCOLA\ANO 2\1 SEMESTRE\IPC\TRABALHO GRUPO 2\IPCMONTRAVIRTUAL\MONTRAVIRUTAL\DEBUG\STDAFX.OBJ
D:\Utilizadores\Bruno\Dcoumentos\Escola\Ano 2\1 Semestre\IPC\Trabalho Grupo 2\ipcmontravirtual\MontraVirutal\Debug\vc100.idb
D:\UTILIZADORES\BRUNO\DCOUMENTOS\ESCOLA\ANO 2\1 SEMESTRE\IPC\TRABALHO GRUPO 2\IPCMONTRAVIRTUAL\MONTRAVIRUTAL\DEBUG\VC100.PDB
